<?xml version="1.0" encoding="UTF-8"?>
<!-- Generated by org.testng.reporters.JUnitXMLReporter -->
<testsuite ignored="0" hostname="ASHU" failures="0" tests="9" name="Default test" time="0.575" errors="0" timestamp="2022-03-08T20:50:18 IST">
  <testcase classname="pack1.TestNgCheck" name="testE" time="0.015"/>
  <testcase classname="pack1.TestNgCheck" name="testA" time="0.008"/>
  <testcase classname="pack1.TestNgCheck" name="testB" time="0.006"/>
  <testcase classname="pack1.TestNgCheck" name="testC" time="0.007"/>
  <testcase classname="pack1.TestNgCheck" name="testD" time="0.017"/>
  <testcase classname="pack1.TestNgCheck" name="testF" time="0.005"/>
  <testcase classname="pack1.TestNgCheck" name="testF" time="0.008"/>
  <testcase classname="pack1.TestNgCheck" name="testF" time="0.022"/>
  <testcase classname="pack1.TestNgCheck" name="testF" time="0.005"/>
</testsuite> <!-- Default test -->
