<?xml version="1.0" encoding="UTF-8"?>
<testng-results ignored="0" total="4" passed="3" failed="1" skipped="0">
  <reporter-output>
  </reporter-output>
  <suite started-at="2022-03-11T15:48:08 IST" name="Suite" finished-at="2022-03-11T15:50:07 IST" duration-ms="118948">
    <groups>
    </groups>
    <test started-at="2022-03-11T15:48:08 IST" name="ChromeTest" finished-at="2022-03-11T15:50:07 IST" duration-ms="118948">
      <class name="pack1.NewTest11">
        <test-method is-config="true" signature="launchBrowser(java.lang.String)[pri:0, instance:pack1.NewTest11@57af006c]" started-at="2022-03-11T15:48:08 IST" name="launchBrowser" finished-at="2022-03-11T15:48:37 IST" duration-ms="28333" status="PASS">
          <params>
            <param index="0">
              <value>
                <![CDATA[Chrome]]>
              </value>
            </param>
          </params>
          <reporter-output>
          </reporter-output>
        </test-method> <!-- launchBrowser -->
        <test-method is-config="true" signature="createObjectOdPOMClasses()[pri:0, instance:pack1.NewTest11@57af006c]" started-at="2022-03-11T15:48:47 IST" name="createObjectOdPOMClasses" finished-at="2022-03-11T15:48:50 IST" duration-ms="3258" status="PASS">
          <reporter-output>
          </reporter-output>
        </test-method> <!-- createObjectOdPOMClasses -->
        <test-method is-config="true" signature="loginToApplication()[pri:0, instance:pack1.NewTest11@57af006c]" started-at="2022-03-11T15:48:50 IST" name="loginToApplication" finished-at="2022-03-11T15:49:03 IST" duration-ms="12659" status="PASS">
          <reporter-output>
          </reporter-output>
        </test-method> <!-- loginToApplication -->
        <test-method signature="clickOntaskPage()[pri:1, instance:pack1.NewTest11@57af006c]" started-at="2022-03-11T15:49:03 IST" name="clickOntaskPage" finished-at="2022-03-11T15:49:15 IST" duration-ms="11624" status="PASS">
          <reporter-output>
          </reporter-output>
        </test-method> <!-- clickOntaskPage -->
        <test-method is-config="true" signature="logout()[pri:0, instance:pack1.NewTest11@57af006c]" started-at="2022-03-11T15:49:15 IST" name="logout" finished-at="2022-03-11T15:49:16 IST" duration-ms="905" status="PASS">
          <reporter-output>
          </reporter-output>
        </test-method> <!-- logout -->
        <test-method is-config="true" signature="loginToApplication()[pri:0, instance:pack1.NewTest11@57af006c]" started-at="2022-03-11T15:49:16 IST" name="loginToApplication" finished-at="2022-03-11T15:49:18 IST" duration-ms="1998" status="PASS">
          <reporter-output>
          </reporter-output>
        </test-method> <!-- loginToApplication -->
        <test-method signature="clickOnReportPage()[pri:2, instance:pack1.NewTest11@57af006c]" started-at="2022-03-11T15:49:18 IST" name="clickOnReportPage" finished-at="2022-03-11T15:49:21 IST" duration-ms="3085" status="FAIL">
          <exception class="org.openqa.selenium.NoSuchElementException">
            <message>
              <![CDATA[no such element: Unable to locate element: {"method":"xpath","selector":"//table[@id='topnav']//tbody//tr/td[7]//a//div[2]"}
  (Session info: chrome=99.0.4844.51)
For documentation on this error, please visit: https://www.seleniumhq.org/exceptions/no_such_element.html
Build info: version: '3.141.59', revision: 'e82be7d358', time: '2018-11-14T08:17:03'
System info: host: 'ASHU', ip: '192.168.43.192', os.name: 'Windows 10', os.arch: 'amd64', os.version: '10.0', java.version: '11.0.12'
Driver info: org.openqa.selenium.chrome.ChromeDriver
Capabilities {acceptInsecureCerts: false, browserName: chrome, browserVersion: 99.0.4844.51, chrome: {chromedriverVersion: 98.0.4758.80 (7f0488e8ba0d8..., userDataDir: C:\Users\OM\AppData\Local\T...}, goog:chromeOptions: {debuggerAddress: localhost:59935}, javascriptEnabled: true, networkConnectionEnabled: false, pageLoadStrategy: normal, platform: WINDOWS, platformName: WINDOWS, proxy: Proxy(), setWindowRect: true, strictFileInteractability: false, timeouts: {implicit: 0, pageLoad: 300000, script: 30000}, unhandledPromptBehavior: dismiss and notify, webauthn:extension:credBlob: true, webauthn:extension:largeBlob: true, webauthn:virtualAuthenticators: true}
Session ID: ad6a2d8be6552ea5dcdcbe85b6a66dde
*** Element info: {Using=xpath, value=//table[@id='topnav']//tbody//tr/td[7]//a//div[2]}]]>
            </message>
            <full-stacktrace>
              <![CDATA[org.openqa.selenium.NoSuchElementException: no such element: Unable to locate element: {"method":"xpath","selector":"//table[@id='topnav']//tbody//tr/td[7]//a//div[2]"}
  (Session info: chrome=99.0.4844.51)
For documentation on this error, please visit: https://www.seleniumhq.org/exceptions/no_such_element.html
Build info: version: '3.141.59', revision: 'e82be7d358', time: '2018-11-14T08:17:03'
System info: host: 'ASHU', ip: '192.168.43.192', os.name: 'Windows 10', os.arch: 'amd64', os.version: '10.0', java.version: '11.0.12'
Driver info: org.openqa.selenium.chrome.ChromeDriver
Capabilities {acceptInsecureCerts: false, browserName: chrome, browserVersion: 99.0.4844.51, chrome: {chromedriverVersion: 98.0.4758.80 (7f0488e8ba0d8..., userDataDir: C:\Users\OM\AppData\Local\T...}, goog:chromeOptions: {debuggerAddress: localhost:59935}, javascriptEnabled: true, networkConnectionEnabled: false, pageLoadStrategy: normal, platform: WINDOWS, platformName: WINDOWS, proxy: Proxy(), setWindowRect: true, strictFileInteractability: false, timeouts: {implicit: 0, pageLoad: 300000, script: 30000}, unhandledPromptBehavior: dismiss and notify, webauthn:extension:credBlob: true, webauthn:extension:largeBlob: true, webauthn:virtualAuthenticators: true}
Session ID: ad6a2d8be6552ea5dcdcbe85b6a66dde
*** Element info: {Using=xpath, value=//table[@id='topnav']//tbody//tr/td[7]//a//div[2]}
at java.base/jdk.internal.reflect.NativeConstructorAccessorImpl.newInstance0(Native Method)
at java.base/jdk.internal.reflect.NativeConstructorAccessorImpl.newInstance(NativeConstructorAccessorImpl.java:62)
at java.base/jdk.internal.reflect.DelegatingConstructorAccessorImpl.newInstance(DelegatingConstructorAccessorImpl.java:45)
at java.base/java.lang.reflect.Constructor.newInstance(Constructor.java:490)
at org.openqa.selenium.remote.http.W3CHttpResponseCodec.createException(W3CHttpResponseCodec.java:187)
at org.openqa.selenium.remote.http.W3CHttpResponseCodec.decode(W3CHttpResponseCodec.java:122)
at org.openqa.selenium.remote.http.W3CHttpResponseCodec.decode(W3CHttpResponseCodec.java:49)
at org.openqa.selenium.remote.HttpCommandExecutor.execute(HttpCommandExecutor.java:158)
at org.openqa.selenium.remote.service.DriverCommandExecutor.execute(DriverCommandExecutor.java:83)
at org.openqa.selenium.remote.RemoteWebDriver.execute(RemoteWebDriver.java:552)
at org.openqa.selenium.remote.RemoteWebDriver.findElement(RemoteWebDriver.java:323)
at org.openqa.selenium.remote.RemoteWebDriver.findElementByXPath(RemoteWebDriver.java:428)
at org.openqa.selenium.By$ByXPath.findElement(By.java:353)
at org.openqa.selenium.remote.RemoteWebDriver.findElement(RemoteWebDriver.java:315)
at org.openqa.selenium.support.pagefactory.DefaultElementLocator.findElement(DefaultElementLocator.java:69)
at org.openqa.selenium.support.pagefactory.internal.LocatingElementHandler.invoke(LocatingElementHandler.java:38)
at com.sun.proxy.$Proxy17.click(Unknown Source)
at pom.ApplicationHeaderPage.clickOnReport(ApplicationHeaderPage.java:43)
at pack1.NewTest11.clickOnReportPage(NewTest11.java:74)
at java.base/jdk.internal.reflect.NativeMethodAccessorImpl.invoke0(Native Method)
at java.base/jdk.internal.reflect.NativeMethodAccessorImpl.invoke(NativeMethodAccessorImpl.java:62)
at java.base/jdk.internal.reflect.DelegatingMethodAccessorImpl.invoke(DelegatingMethodAccessorImpl.java:43)
at java.base/java.lang.reflect.Method.invoke(Method.java:566)
at org.testng.internal.MethodInvocationHelper.invokeMethod(MethodInvocationHelper.java:133)
at org.testng.internal.TestInvoker.invokeMethod(TestInvoker.java:598)
at org.testng.internal.TestInvoker.invokeTestMethod(TestInvoker.java:173)
at org.testng.internal.MethodRunner.runInSequence(MethodRunner.java:46)
at org.testng.internal.TestInvoker$MethodInvocationAgent.invoke(TestInvoker.java:824)
at org.testng.internal.TestInvoker.invokeTestMethods(TestInvoker.java:146)
at org.testng.internal.TestMethodWorker.invokeTestMethods(TestMethodWorker.java:146)
at org.testng.internal.TestMethodWorker.run(TestMethodWorker.java:128)
at java.base/java.util.ArrayList.forEach(ArrayList.java:1541)
at org.testng.TestRunner.privateRun(TestRunner.java:794)
at org.testng.TestRunner.run(TestRunner.java:596)
at org.testng.SuiteRunner.runTest(SuiteRunner.java:377)
at org.testng.SuiteRunner.runSequentially(SuiteRunner.java:371)
at org.testng.SuiteRunner.privateRun(SuiteRunner.java:332)
at org.testng.SuiteRunner.run(SuiteRunner.java:276)
at org.testng.SuiteRunnerWorker.runSuite(SuiteRunnerWorker.java:53)
at org.testng.SuiteRunnerWorker.run(SuiteRunnerWorker.java:96)
at org.testng.TestNG.runSuitesSequentially(TestNG.java:1212)
at org.testng.TestNG.runSuitesLocally(TestNG.java:1134)
at org.testng.TestNG.runSuites(TestNG.java:1063)
at org.testng.TestNG.run(TestNG.java:1031)
at org.testng.remote.AbstractRemoteTestNG.run(AbstractRemoteTestNG.java:115)
at org.testng.remote.RemoteTestNG.initAndRun(RemoteTestNG.java:251)
at org.testng.remote.RemoteTestNG.main(RemoteTestNG.java:77)
]]>
            </full-stacktrace>
          </exception> <!-- org.openqa.selenium.NoSuchElementException -->
          <reporter-output>
          </reporter-output>
        </test-method> <!-- clickOnReportPage -->
        <test-method is-config="true" signature="logout()[pri:0, instance:pack1.NewTest11@57af006c]" started-at="2022-03-11T15:49:21 IST" name="logout" finished-at="2022-03-11T15:49:21 IST" duration-ms="724" status="PASS">
          <reporter-output>
          </reporter-output>
        </test-method> <!-- logout -->
        <test-method is-config="true" signature="clearPOMObject()[pri:0, instance:pack1.NewTest11@57af006c]" started-at="2022-03-11T15:49:21 IST" name="clearPOMObject" finished-at="2022-03-11T15:49:21 IST" duration-ms="1" status="PASS">
          <reporter-output>
          </reporter-output>
        </test-method> <!-- clearPOMObject -->
        <test-method is-config="true" signature="closedBrowser()[pri:0, instance:pack1.NewTest11@57af006c]" started-at="2022-03-11T15:50:03 IST" name="closedBrowser" finished-at="2022-03-11T15:50:05 IST" duration-ms="2135" status="PASS">
          <reporter-output>
          </reporter-output>
        </test-method> <!-- closedBrowser -->
      </class> <!-- pack1.NewTest11 -->
      <class name="pack1.NewTest12">
        <test-method is-config="true" signature="launchBrowser(java.lang.String)[pri:0, instance:pack1.NewTest12@446293d]" started-at="2022-03-11T15:48:37 IST" name="launchBrowser" finished-at="2022-03-11T15:48:47 IST" duration-ms="10103" status="PASS">
          <params>
            <param index="0">
              <value>
                <![CDATA[Chrome]]>
              </value>
            </param>
          </params>
          <reporter-output>
          </reporter-output>
        </test-method> <!-- launchBrowser -->
        <test-method is-config="true" signature="createObjectOdPOMClasses()[pri:0, instance:pack1.NewTest12@446293d]" started-at="2022-03-11T15:49:21 IST" name="createObjectOdPOMClasses" finished-at="2022-03-11T15:49:22 IST" duration-ms="232" status="PASS">
          <reporter-output>
          </reporter-output>
        </test-method> <!-- createObjectOdPOMClasses -->
        <test-method is-config="true" signature="loginToApplication()[pri:0, instance:pack1.NewTest12@446293d]" started-at="2022-03-11T15:49:22 IST" name="loginToApplication" finished-at="2022-03-11T15:49:27 IST" duration-ms="5330" status="PASS">
          <reporter-output>
          </reporter-output>
        </test-method> <!-- loginToApplication -->
        <test-method signature="clickOnUserkPage()[pri:1, instance:pack1.NewTest12@446293d]" started-at="2022-03-11T15:49:27 IST" name="clickOnUserkPage" finished-at="2022-03-11T15:49:56 IST" duration-ms="29131" status="PASS">
          <reporter-output>
          </reporter-output>
        </test-method> <!-- clickOnUserkPage -->
        <test-method is-config="true" signature="logout()[pri:0, instance:pack1.NewTest12@446293d]" started-at="2022-03-11T15:49:56 IST" name="logout" finished-at="2022-03-11T15:49:57 IST" duration-ms="906" status="PASS">
          <reporter-output>
          </reporter-output>
        </test-method> <!-- logout -->
        <test-method is-config="true" signature="loginToApplication()[pri:0, instance:pack1.NewTest12@446293d]" started-at="2022-03-11T15:49:57 IST" name="loginToApplication" finished-at="2022-03-11T15:49:59 IST" duration-ms="2120" status="PASS">
          <reporter-output>
          </reporter-output>
        </test-method> <!-- loginToApplication -->
        <test-method signature="clickOnWorkScheduletPage()[pri:2, instance:pack1.NewTest12@446293d]" started-at="2022-03-11T15:49:59 IST" name="clickOnWorkScheduletPage" finished-at="2022-03-11T15:50:02 IST" duration-ms="2813" status="PASS">
          <reporter-output>
          </reporter-output>
        </test-method> <!-- clickOnWorkScheduletPage -->
        <test-method is-config="true" signature="logout()[pri:0, instance:pack1.NewTest12@446293d]" started-at="2022-03-11T15:50:02 IST" name="logout" finished-at="2022-03-11T15:50:03 IST" duration-ms="1122" status="PASS">
          <reporter-output>
          </reporter-output>
        </test-method> <!-- logout -->
        <test-method is-config="true" signature="clearPOMObject()[pri:0, instance:pack1.NewTest12@446293d]" started-at="2022-03-11T15:50:03 IST" name="clearPOMObject" finished-at="2022-03-11T15:50:03 IST" duration-ms="1" status="PASS">
          <reporter-output>
          </reporter-output>
        </test-method> <!-- clearPOMObject -->
        <test-method is-config="true" signature="closedBrowser()[pri:0, instance:pack1.NewTest12@446293d]" started-at="2022-03-11T15:50:05 IST" name="closedBrowser" finished-at="2022-03-11T15:50:07 IST" duration-ms="1809" status="PASS">
          <reporter-output>
          </reporter-output>
        </test-method> <!-- closedBrowser -->
      </class> <!-- pack1.NewTest12 -->
    </test> <!-- ChromeTest -->
  </suite> <!-- Suite -->
</testng-results>
